2024-11-15 23:49:05, CPU: 0%, Memory: 4.03%, Disk: 1%, Network: 
2024-11-15 23:50:44, CPU: 0.3%, Memory: 4.07%, Disk: 1%, Network: 8600144
2024-11-16 00:19:36, CPU: 0.6%, Memory: 4.10%, Disk: 1%, Network: 2002
2024-11-16 00:19:52, CPU: 0.3%, Memory: 4.08%, Disk: 1%, Network: 4118
2024-11-16 00:49:29, CPU: 0.6%, Memory: 4.02%, Disk: 1%, Network: 1866
2024-11-16 00:50:26, CPU: 1%, Memory: 4.04%, Disk: 1%, Network: 8370
2024-11-16 00:55:08, CPU: 20.8863%, Memory: 44.1211%, Disk: 4%, Network: 8541
2024-11-16 01:17:43, CPU: 0.0%, Memory: 0.0%, Disk: 14%
2024-11-16 01:35:01, CPU: 0.3%, Memory: 4.03408%, Disk: 1%
2024-11-16 01:40:01, CPU: 1.3%, Memory: 4.13007%, Disk: 1%
2024-11-16 01:45:01, CPU: 0.3%, Memory: 4.02343%, Disk: 1%
2024-11-16 01:50:01, CPU: 2.0%, Memory: 4.10263%, Disk: 1%
2024-11-16 01:55:01, CPU: 0.0%, Memory: 4.04155%, Disk: 1%
2024-11-16 02:00:01, CPU: 2.0%, Memory: 4.05794%, Disk: 1%
2024-11-16 02:05:01, CPU: 0.0%, Memory: 4.02022%, Disk: 1%
2024-11-16 02:10:01, CPU: 0.3%, Memory: 4.10265%, Disk: 1%
2024-11-16 02:15:01, CPU: 1.0%, Memory: 4.02498%, Disk: 1%
2024-11-16 02:20:01, CPU: 1.3%, Memory: 4.12235%, Disk: 1%
2024-11-16 02:25:01, CPU: 0.0%, Memory: 4.03997%, Disk: 1%
2024-11-16 02:30:01, CPU: 3.0%, Memory: 4.11121%, Disk: 1%
2024-11-16 02:35:01, CPU: 0.0%, Memory: 4.27053%, Disk: 1%
2024-11-16 02:40:01, CPU: 1.3%, Memory: 4.3503%, Disk: 1%
2024-11-16 02:45:01, CPU: 1.0%, Memory: 4.30171%, Disk: 1%
2024-11-16 02:50:01, CPU: 0.7%, Memory: 4.35722%, Disk: 1%
2024-11-16 02:55:02, CPU: 0.3%, Memory: 4.3202%, Disk: 1%
2024-11-16 03:00:01, CPU: 2.7%, Memory: 4.38525%, Disk: 1%
2024-11-16 08:40:01, CPU: 0.6%, Memory: 4.37731%, Disk: 1%
2024-11-16 08:45:01, CPU: 0.6%, Memory: 4.31105%, Disk: 1%
2024-11-16 08:50:01, CPU: 1.3%, Memory: 4.3288%, Disk: 1%
2024-11-16 08:55:01, CPU: 0.3%, Memory: 4.29954%, Disk: 1%
2024-11-16 09:00:01, CPU: 1.6%, Memory: 4.33183%, Disk: 1%
2024-11-16 09:05:01, CPU: 0.0%, Memory: 4.3202%, Disk: 1%
2024-11-16 09:10:01, CPU: 1.6%, Memory: 4.33987%, Disk: 1%
2024-11-16 09:15:01, CPU: 1.3%, Memory: 4.29932%, Disk: 1%
2024-11-16 09:20:01, CPU: 1.0%, Memory: 4.32138%, Disk: 1%
2024-11-16 09:25:01, CPU: 0.0%, Memory: 4.31692%, Disk: 1%
2024-11-16 09:30:01, CPU: 2.6%, Memory: 4.29703%, Disk: 1%
2024-11-16 09:35:01, CPU: 0.0%, Memory: 4.28465%, Disk: 1%
2024-11-16 09:40:01, CPU: 1.6%, Memory: 4.29658%, Disk: 1%
2024-11-16 09:45:01, CPU: 0.6%, Memory: 4.25975%, Disk: 1%
2024-11-16 09:50:01, CPU: 1.3%, Memory: 4.36018%, Disk: 1%
2024-11-16 09:55:01, CPU: 0.0%, Memory: 4.28924%, Disk: 1%
2024-11-16 10:00:01, CPU: 2.3%, Memory: 4.36013%, Disk: 1%
2024-11-16 10:05:01, CPU: 0.0%, Memory: 4.29535%, Disk: 1%
2024-11-16 10:10:01, CPU: 2.0%, Memory: 4.30191%, Disk: 1%
2024-11-16 10:15:01, CPU: 1.0%, Memory: 4.27755%, Disk: 1%
2024-11-16 10:20:01, CPU: 1.3%, Memory: 4.3148%, Disk: 1%
2024-11-16 10:25:01, CPU: 0.0%, Memory: 4.26772%, Disk: 1%
2024-11-16 10:30:01, CPU: 3.2%, Memory: 4.33691%, Disk: 1%
2024-11-16 10:35:01, CPU: 0.3%, Memory: 4.26641%, Disk: 1%
2024-11-16 10:40:01, CPU: 1.0%, Memory: 4.3021%, Disk: 1%
2024-11-16 10:45:01, CPU: 0.3%, Memory: 4.28127%, Disk: 1%
2024-11-16 10:50:01, CPU: 0.3%, Memory: 4.33765%, Disk: 1%
2024-11-16 10:55:01, CPU: 0.0%, Memory: 4.26964%, Disk: 1%
2024-11-16 11:00:01, CPU: 2.6%, Memory: 4.40924%, Disk: 1%
2024-11-16 11:05:01, CPU: 0.0%, Memory: 4.29799%, Disk: 1%
2024-11-16 11:10:01, CPU: 0.7%, Memory: 4.32069%, Disk: 1%
2024-11-16 11:15:01, CPU: 0.6%, Memory: 4.27171%, Disk: 1%
2024-11-16 11:20:01, CPU: 2.0%, Memory: 4.32212%, Disk: 1%
2024-11-16 11:25:01, CPU: 0.0%, Memory: 4.27844%, Disk: 1%
2024-11-16 11:30:01, CPU: 1.3%, Memory: 4.35476%, Disk: 1%
2024-11-16 11:35:01, CPU: 0.7%, Memory: 4.26907%, Disk: 1%
2024-11-16 11:40:01, CPU: 1.9%, Memory: 4.29629%, Disk: 1%
2024-11-16 11:45:01, CPU: 1.0%, Memory: 4.26377%, Disk: 1%
2024-11-16 11:50:01, CPU: 1.0%, Memory: 4.3096%, Disk: 1%
2024-11-16 11:55:01, CPU: 0.0%, Memory: 4.28867%, Disk: 1%
2024-11-16 12:00:01, CPU: 2.6%, Memory: 4.33422%, Disk: 1%
2024-11-16 12:05:01, CPU: 0.0%, Memory: 4.28938%, Disk: 1%
2024-11-16 12:10:01, CPU: 2.0%, Memory: 4.38242%, Disk: 1%
2024-11-16 12:15:01, CPU: 0.3%, Memory: 4.28204%, Disk: 1%
2024-11-16 12:20:01, CPU: 1.7%, Memory: 4.32757%, Disk: 1%
2024-11-16 12:25:01, CPU: 0.0%, Memory: 4.29646%, Disk: 1%
2024-11-16 12:30:01, CPU: 1.0%, Memory: 4.35493%, Disk: 1%
2024-11-16 12:35:01, CPU: 0.0%, Memory: 4.27748%, Disk: 1%
2024-11-16 12:40:01, CPU: 2.6%, Memory: 4.33652%, Disk: 1%
2024-11-16 12:45:01, CPU: 0.7%, Memory: 4.2899%, Disk: 1%
2024-11-16 12:50:01, CPU: 1.7%, Memory: 4.32333%, Disk: 1%
2024-11-16 12:55:01, CPU: 0.0%, Memory: 4.27615%, Disk: 1%
2024-11-16 13:00:01, CPU: 2.3%, Memory: 4.33809%, Disk: 1%
2024-11-16 13:05:01, CPU: 0.0%, Memory: 4.30035%, Disk: 1%
2024-11-16 13:10:01, CPU: 1.7%, Memory: 4.33827%, Disk: 1%
2024-11-16 13:15:01, CPU: 0.0%, Memory: 4.28401%, Disk: 1%
2024-11-16 13:20:01, CPU: 1.6%, Memory: 4.38984%, Disk: 1%
2024-11-16 13:25:01, CPU: 0.3%, Memory: 4.29804%, Disk: 1%
2024-11-16 13:30:01, CPU: 1.6%, Memory: 4.34482%, Disk: 1%
2024-11-16 13:35:01, CPU: 0.3%, Memory: 4.27146%, Disk: 1%
2024-11-16 14:10:01, CPU: 1.6%, Memory: 4.27805%, Disk: 1%
2024-11-16 16:50:01, CPU: 1.0%, Memory: 4.41185%, Disk: 1%
2024-11-16 16:55:01, CPU: 0.0%, Memory: 4.28593%, Disk: 1%
2024-11-16 17:00:01, CPU: 2.3%, Memory: 4.37864%, Disk: 1%
2024-11-16 17:05:01, CPU: 0.0%, Memory: 4.27134%, Disk: 1%
2024-11-16 17:10:01, CPU: 1.0%, Memory: 4.34956%, Disk: 1%
2024-11-16 17:15:01, CPU: 1.0%, Memory: 4.3004%, Disk: 1%
2024-11-16 17:20:01, CPU: 0.7%, Memory: 4.37258%, Disk: 1%
2024-11-16 17:25:01, CPU: 0.3%, Memory: 4.28448%, Disk: 1%
2024-11-16 17:30:01, CPU: 1.3%, Memory: 4.37374%, Disk: 1%
2024-11-16 17:35:01, CPU: 0.3%, Memory: 4.27501%, Disk: 1%
2024-11-16 17:40:01, CPU: 2.9%, Memory: 4.33997%, Disk: 1%
2024-11-16 17:45:01, CPU: 0.3%, Memory: 4.2635%, Disk: 1%
2024-11-16 17:50:01, CPU: 0.0%, Memory: 4.30807%, Disk: 1%
2024-11-16 17:55:01, CPU: 0.0%, Memory: 4.3005%, Disk: 1%
2024-11-16 18:00:01, CPU: 1.6%, Memory: 4.4438%, Disk: 1%
2024-11-16 18:05:01, CPU: 0.0%, Memory: 4.28921%, Disk: 1%
2024-11-16 18:10:01, CPU: 0.3%, Memory: 4.31823%, Disk: 1%
2024-11-16 18:15:01, CPU: 0.0%, Memory: 4.32281%, Disk: 1%
2024-11-16 18:20:02, CPU: 1.3%, Memory: 4.33482%, Disk: 1%
2024-11-16 18:25:01, CPU: 0.3%, Memory: 4.31855%, Disk: 1%
2024-11-16 18:30:01, CPU: 1.6%, Memory: 4.31389%, Disk: 1%
2024-11-16 18:35:01, CPU: 0.7%, Memory: 4.34169%, Disk: 1%
2024-11-16 18:40:01, CPU: 2.3%, Memory: 4.43864%, Disk: 1%
2024-11-16 18:46:01, CPU: 0.0%, Memory: 4.31068%, Disk: 1%
2024-11-16 18:48:01, CPU: 2.6%, Memory: 4.42058%, Disk: 1%
2024-11-16 18:50:01, CPU: 0.6%, Memory: 4.3184%, Disk: 1%
2024-11-16 18:52:01, CPU: 2.3%, Memory: 4.38979%, Disk: 1%
2024-11-16 18:54:01, CPU: 1.6%, Memory: 4.3341%, Disk: 1%
2024-11-16 18:56:01, CPU: 0.7%, Memory: 4.38942%, Disk: 1%
2024-11-16 18:58:01, CPU: 0.0%, Memory: 4.34187%, Disk: 1%
2024-11-16 19:00:01, CPU: 3.8%, Memory: 4.4256%, Disk: 1%
2024-11-16 19:02:01, CPU: 0.3%, Memory: 4.34312%, Disk: 1%
2024-11-16 19:04:01, CPU: 1.0%, Memory: 4.3833%, Disk: 1%
2024-11-16 19:06:01, CPU: 1.6%, Memory: 4.35614%, Disk: 1%
2024-11-16 19:08:01, CPU: 3.3%, Memory: 4.35989%, Disk: 1%
2024-11-16 19:10:01, CPU: 0.0%, Memory: 4.48541%, Disk: 1%
2024-11-16 19:12:01, CPU: 2.6%, Memory: 4.43066%, Disk: 1%
2024-11-16 19:14:01, CPU: 0.0%, Memory: 4.39817%, Disk: 1%
2024-11-16 19:16:01, CPU: 1.6%, Memory: 4.38185%, Disk: 1%
2024-11-16 19:18:01, CPU: 1.3%, Memory: 4.28894%, Disk: 1%
2024-11-16 19:20:01, CPU: 2.0%, Memory: 4.3398%, Disk: 1%
2024-11-16 19:22:01, CPU: 0.0%, Memory: 4.2495%, Disk: 1%
2024-11-16 19:24:01, CPU: 4.5%, Memory: 4.35155%, Disk: 1%
2024-11-16 19:26:01, CPU: 0.0%, Memory: 4.34184%, Disk: 1%
2024-11-16 19:28:01, CPU: 0.7%, Memory: 4.4153%, Disk: 1%
2024-11-16 19:30:01, CPU: 1.0%, Memory: 4.31066%, Disk: 1%
2024-11-16 19:32:01, CPU: 2.0%, Memory: 4.36329%, Disk: 1%
2024-11-16 19:34:01, CPU: 0.0%, Memory: 4.29138%, Disk: 1%
2024-11-16 19:36:01, CPU: 1.6%, Memory: 4.37638%, Disk: 1%
2024-11-16 19:38:01, CPU: 0.0%, Memory: 4.26422%, Disk: 1%
2024-11-16 19:40:01, CPU: 1.0%, Memory: 4.35666%, Disk: 1%
2024-11-16 19:42:01, CPU: 1.0%, Memory: 4.3133%, Disk: 1%
2024-11-16 19:44:01, CPU: 1.0%, Memory: 4.32362%, Disk: 1%
2024-11-16 19:46:01, CPU: 0.0%, Memory: 4.26254%, Disk: 1%
2024-11-16 19:48:01, CPU: 3.6%, Memory: 4.43593%, Disk: 1%
2024-11-16 19:50:01, CPU: 0.0%, Memory: 4.27938%, Disk: 1%
2024-11-16 19:52:01, CPU: 1.3%, Memory: 4.35693%, Disk: 1%
2024-11-16 19:54:01, CPU: 1.6%, Memory: 4.31327%, Disk: 1%
2024-11-16 19:56:01, CPU: 1.7%, Memory: 4.35446%, Disk: 1%
2024-11-16 19:58:01, CPU: 0.3%, Memory: 4.2692%, Disk: 1%
2024-11-16 20:00:01, CPU: 2.3%, Memory: 4.36201%, Disk: 1%
2024-11-16 20:08:01, CPU: 1.3%, Memory: 4.3201%, Disk: 1%
2024-11-16 20:10:01, CPU: 0.3%, Memory: 4.2915%, Disk: 1%
2024-11-16 20:12:01, CPU: 2.3%, Memory: 4.38333%, Disk: 1%
2024-11-16 20:14:01, CPU: 0.0%, Memory: 4.29007%, Disk: 1%
2024-11-16 20:16:01, CPU: 3.0%, Memory: 4.35764%, Disk: 1%
2024-11-16 20:18:01, CPU: 1.6%, Memory: 4.33925%, Disk: 1%
2024-11-16 20:20:01, CPU: 1.0%, Memory: 4.49549%, Disk: 1%
2024-11-16 20:22:01, CPU: 0.3%, Memory: 4.33166%, Disk: 1%
2024-11-16 20:24:01, CPU: 3.2%, Memory: 4.41205%, Disk: 1%
2024-11-16 20:26:01, CPU: 0.0%, Memory: 4.36629%, Disk: 1%
2024-11-16 20:28:01, CPU: 1.0%, Memory: 4.44735%, Disk: 1%
2024-11-16 20:30:01, CPU: 1.3%, Memory: 4.40529%, Disk: 1%
2024-11-16 20:32:01, CPU: 1.6%, Memory: 4.41128%, Disk: 1%
2024-11-16 20:34:01, CPU: 0.3%, Memory: 4.37633%, Disk: 1%
2024-11-16 20:36:01, CPU: 2.6%, Memory: 4.48092%, Disk: 1%
2024-11-16 20:38:01, CPU: 0.0%, Memory: 4.38626%, Disk: 1%
2024-11-16 20:40:01, CPU: 1.6%, Memory: 4.41984%, Disk: 1%
2024-11-16 20:42:01, CPU: 2.0%, Memory: 4.38461%, Disk: 1%
2024-11-16 20:44:01, CPU: 2.0%, Memory: 4.46532%, Disk: 1%
2024-11-16 20:46:01, CPU: 0.3%, Memory: 4.37544%, Disk: 1%
2024-11-16 20:48:01, CPU: 1.3%, Memory: 4.47444%, Disk: 1%
2024-11-16 20:50:01, CPU: 0.0%, Memory: 4.36205%, Disk: 1%
2024-11-16 20:52:01, CPU: 1.3%, Memory: 4.44358%, Disk: 1%
2024-11-16 20:54:01, CPU: 1.6%, Memory: 4.38949%, Disk: 1%
2024-11-16 20:56:01, CPU: 1.6%, Memory: 4.43813%, Disk: 1%
2024-11-16 20:58:01, CPU: 0.0%, Memory: 4.36568%, Disk: 1%
2024-11-16 21:00:01, CPU: 2.3%, Memory: 4.47924%, Disk: 1%
2024-11-16 21:02:01, CPU: 0.0%, Memory: 4.34936%, Disk: 1%
2024-11-16 21:04:01, CPU: 2.0%, Memory: 4.47081%, Disk: 1%
2024-11-16 21:06:01, CPU: 1.6%, Memory: 4.38409%, Disk: 1%
2024-11-16 21:08:01, CPU: 1.7%, Memory: 4.45366%, Disk: 1%
2024-11-16 21:10:01, CPU: 0.0%, Memory: 4.33082%, Disk: 1%
2024-11-16 21:12:01, CPU: 2.3%, Memory: 4.39957%, Disk: 1%
2024-11-16 21:14:01, CPU: 0.7%, Memory: 4.32745%, Disk: 1%
2024-11-16 21:16:01, CPU: 1.0%, Memory: 4.37687%, Disk: 1%
2024-11-16 21:18:01, CPU: 2.5%, Memory: 4.3695%, Disk: 1%
2024-11-16 21:23:15, CPU: 1.0%, Memory: 4.38224%, Disk: 1%
2024-11-16 21:23:15, CPU: 2.0%, Memory: 4.42085%, Disk: 1%
2024-11-16 21:24:01, CPU: 2.0%, Memory: 4.50658%, Disk: 1%
2024-11-16 21:34:01, CPU: 0.0%, Memory: 3.44825%, Disk: 1%
2024-11-16 21:36:01, CPU: 2.9%, Memory: 3.53292%, Disk: 1%
2024-11-16 21:38:01, CPU: 0.0%, Memory: 3.46306%, Disk: 1%
2024-11-16 21:40:01, CPU: 2.6%, Memory: 3.63%, Disk: 1%
2024-11-16 21:42:01, CPU: 2.3%, Memory: 3.61035%, Disk: 1%
2024-11-16 21:44:01, CPU: 1.3%, Memory: 3.75631%, Disk: 1%
2024-11-16 21:46:01, CPU: 0.0%, Memory: 3.72417%, Disk: 1%
2024-11-16 21:48:01, CPU: 1.6%, Memory: 3.83137%, Disk: 1%
2024-11-16 21:50:01, CPU: 0.3%, Memory: 3.72229%, Disk: 1%
2024-11-16 21:52:01, CPU: 2.0%, Memory: 3.83931%, Disk: 1%
2024-11-16 21:54:01, CPU: 1.3%, Memory: 3.74009%, Disk: 1%
2024-11-16 21:56:01, CPU: 1.0%, Memory: 3.76578%, Disk: 1%
2024-11-16 21:58:01, CPU: 0.0%, Memory: 3.92872%, Disk: 1%
2024-11-16 22:00:01, CPU: 3.2%, Memory: 3.93804%, Disk: 1%
2024-11-16 22:02:01, CPU: 0.0%, Memory: 3.89364%, Disk: 1%
2024-11-16 22:04:01, CPU: 1.6%, Memory: 3.97314%, Disk: 1%
2024-11-16 22:06:01, CPU: 1.6%, Memory: 3.99924%, Disk: 1%
2024-11-16 22:08:01, CPU: 1.0%, Memory: 4.06721%, Disk: 1%
2024-11-16 22:10:01, CPU: 0.7%, Memory: 3.99426%, Disk: 1%
2024-11-16 22:12:01, CPU: 3.3%, Memory: 4.08754%, Disk: 1%
2024-11-16 22:14:01, CPU: 0.0%, Memory: 4.00385%, Disk: 1%
2024-11-16 22:16:01, CPU: 2.6%, Memory: 4.09114%, Disk: 1%
2024-11-16 22:18:01, CPU: 1.3%, Memory: 4.0185%, Disk: 1%
2024-11-16 22:20:01, CPU: 1.6%, Memory: 4.06541%, Disk: 1%
2024-11-16 22:22:01, CPU: 0.0%, Memory: 4.03021%, Disk: 1%
2024-11-16 22:24:01, CPU: 2.6%, Memory: 4.12331%, Disk: 1%
2024-11-16 22:26:01, CPU: 0.3%, Memory: 4.06933%, Disk: 1%
2024-11-16 22:32:40, CPU: 2.0%, Memory: 3.96629%, Disk: 1%
2024-11-16 22:32:40, CPU: 3.5%, Memory: 3.99873%, Disk: 1%
2024-11-16 22:32:40, CPU: 1.3%, Memory: 4.01731%, Disk: 1%
2024-11-16 22:34:01, CPU: 0.0%, Memory: 3.90439%, Disk: 1%
2024-11-16 22:36:01, CPU: 2.6%, Memory: 3.92625%, Disk: 1%
2024-11-16 22:38:02, CPU: 0.3%, Memory: 3.95943%, Disk: 1%
2024-11-16 22:40:01, CPU: 0.7%, Memory: 4.01036%, Disk: 1%
2024-11-16 22:42:01, CPU: 1.9%, Memory: 3.94016%, Disk: 1%
2024-11-16 22:44:01, CPU: 1.9%, Memory: 4.01278%, Disk: 1%
2024-11-16 22:46:01, CPU: 0.0%, Memory: 3.90604%, Disk: 1%
2024-11-16 22:48:01, CPU: 5.5%, Memory: 3.98408%, Disk: 1%
2024-11-16 22:50:01, CPU: 0.0%, Memory: 3.93091%, Disk: 1%
2024-11-16 22:52:01, CPU: 1.6%, Memory: 3.94316%, Disk: 1%
2024-11-16 22:54:01, CPU: 1.9%, Memory: 3.93942%, Disk: 1%
2024-11-16 22:56:01, CPU: 1.3%, Memory: 3.94506%, Disk: 1%
2024-11-16 22:58:01, CPU: 0.6%, Memory: 3.94415%, Disk: 1%
2024-11-16 23:00:01, CPU: 2.3%, Memory: 3.96821%, Disk: 1%
2024-11-16 23:02:01, CPU: 0.0%, Memory: 3.90153%, Disk: 1%
2024-11-16 23:04:01, CPU: 2.8%, Memory: 3.94348%, Disk: 1%
2024-11-16 23:06:01, CPU: 1.6%, Memory: 3.92586%, Disk: 1%
2024-11-16 23:08:01, CPU: 1.9%, Memory: 3.93042%, Disk: 1%
2024-11-16 23:10:01, CPU: 0.0%, Memory: 3.88538%, Disk: 1%
2024-11-16 23:12:01, CPU: 1.9%, Memory: 3.99123%, Disk: 1%
2024-11-16 23:14:01, CPU: 0.6%, Memory: 3.91425%, Disk: 1%
2024-11-16 23:16:01, CPU: 1.3%, Memory: 4.02922%, Disk: 1%
2024-11-16 23:18:01, CPU: 0.6%, Memory: 3.97151%, Disk: 1%
2024-11-16 23:20:01, CPU: 1.0%, Memory: 4.07186%, Disk: 1%
2024-11-16 23:22:01, CPU: 0.3%, Memory: 3.97193%, Disk: 1%
2024-11-16 23:24:01, CPU: 3.2%, Memory: 4.00881%, Disk: 1%
2024-11-16 23:26:01, CPU: 0.6%, Memory: 4.00198%, Disk: 1%
2024-11-16 23:28:01, CPU: 2.9%, Memory: 3.99924%, Disk: 1%
2024-11-16 23:30:01, CPU: 2.6%, Memory: 4.05572%, Disk: 1%
2024-11-16 23:32:01, CPU: 1.3%, Memory: 3.99865%, Disk: 1%
2024-11-16 23:34:01, CPU: 0.0%, Memory: 3.98532%, Disk: 1%
2024-11-16 23:36:01, CPU: 1.0%, Memory: 4.04527%, Disk: 1%
2024-11-16 23:38:01, CPU: 0.0%, Memory: 4.04044%, Disk: 1%
2024-11-16 23:40:01, CPU: 1.6%, Memory: 4.06346%, Disk: 1%
2024-11-16 23:42:01, CPU: 2.5%, Memory: 4.05434%, Disk: 1%
2024-11-16 23:44:01, CPU: 1.3%, Memory: 4.04983%, Disk: 1%
2024-11-16 23:46:02, CPU: 0.0%, Memory: 4.04098%, Disk: 1%
2024-11-16 23:48:01, CPU: 3.5%, Memory: 4.09928%, Disk: 1%
2024-11-16 23:50:01, CPU: 0.0%, Memory: 4.01519%, Disk: 1%
2024-11-16 23:52:01, CPU: 1.3%, Memory: 4.04256%, Disk: 1%
2024-11-16 23:54:01, CPU: 1.9%, Memory: 4.08343%, Disk: 1%
2024-11-17 08:18:01, CPU: 1.3%, Memory: 4.10423%, Disk: 1%
2024-11-17 08:34:01, CPU: 0.0%, Memory: 3.34067%, Disk: 1%
2024-11-17 08:36:01, CPU: 2.6%, Memory: 3.48922%, Disk: 1%
2024-11-17 08:38:01, CPU: 0.0%, Memory: 3.54113%, Disk: 1%
2024-11-17 08:40:01, CPU: 2.6%, Memory: 3.58642%, Disk: 1%
2024-11-17 08:42:01, CPU: 1.6%, Memory: 3.61114%, Disk: 1%
2024-11-17 08:44:01, CPU: 2.6%, Memory: 3.69774%, Disk: 1%
2024-11-17 08:46:01, CPU: 0.0%, Memory: 3.63165%, Disk: 1%
2024-11-17 08:48:01, CPU: 3.5%, Memory: 3.80443%, Disk: 1%
2024-11-17 08:50:01, CPU: 0.0%, Memory: 3.73353%, Disk: 1%
2024-11-17 08:52:01, CPU: 2.8%, Memory: 3.78956%, Disk: 1%
2024-11-17 08:54:01, CPU: 1.3%, Memory: 3.73408%, Disk: 1%
2024-11-17 08:56:01, CPU: 1.3%, Memory: 3.74142%, Disk: 1%
2024-11-17 08:58:01, CPU: 0.0%, Memory: 3.78153%, Disk: 1%
2024-11-17 09:00:01, CPU: 2.9%, Memory: 3.8874%, Disk: 1%
2024-11-17 09:02:01, CPU: 0.0%, Memory: 3.79356%, Disk: 1%
2024-11-17 09:04:01, CPU: 2.0%, Memory: 3.8171%, Disk: 1%
2024-11-17 09:06:01, CPU: 1.6%, Memory: 3.84394%, Disk: 1%
2024-11-17 09:08:01, CPU: 2.3%, Memory: 3.796%, Disk: 1%
2024-11-17 09:10:01, CPU: 0.0%, Memory: 3.74672%, Disk: 1%
2024-11-17 09:12:01, CPU: 2.6%, Memory: 3.819%, Disk: 1%
2024-11-17 09:14:01, CPU: 0.0%, Memory: 3.7926%, Disk: 1%
2024-11-17 09:16:01, CPU: 1.0%, Memory: 3.81757%, Disk: 1%
2024-11-17 09:18:01, CPU: 1.7%, Memory: 3.73987%, Disk: 1%
2024-11-17 09:20:01, CPU: 1.6%, Memory: 3.80702%, Disk: 1%
2024-11-17 09:22:01, CPU: 0.0%, Memory: 3.7535%, Disk: 1%
2024-11-17 09:24:01, CPU: 3.6%, Memory: 3.81949%, Disk: 1%
2024-11-17 09:26:01, CPU: 0.0%, Memory: 3.72693%, Disk: 1%
2024-11-17 09:28:01, CPU: 1.3%, Memory: 3.85245%, Disk: 1%
2024-11-17 09:30:01, CPU: 1.0%, Memory: 3.77295%, Disk: 1%
2024-11-17 09:32:01, CPU: 1.7%, Memory: 3.82947%, Disk: 1%
2024-11-17 09:34:01, CPU: 0.0%, Memory: 3.7344%, Disk: 1%
2024-11-17 09:36:01, CPU: 2.6%, Memory: 3.82057%, Disk: 1%
2024-11-17 09:38:01, CPU: 0.0%, Memory: 3.72841%, Disk: 1%
2024-11-17 09:40:01, CPU: 1.9%, Memory: 3.79294%, Disk: 1%
2024-11-17 09:42:01, CPU: 1.3%, Memory: 3.7556%, Disk: 1%
2024-11-17 09:44:01, CPU: 0.3%, Memory: 3.78929%, Disk: 1%
2024-11-17 09:46:01, CPU: 0.3%, Memory: 3.7413%, Disk: 1%
2024-11-17 09:48:01, CPU: 3.0%, Memory: 3.82881%, Disk: 1%
2024-11-17 09:50:01, CPU: 0.0%, Memory: 3.73442%, Disk: 1%
2024-11-17 09:52:01, CPU: 1.6%, Memory: 3.78648%, Disk: 1%
2024-11-17 09:54:01, CPU: 1.6%, Memory: 3.75757%, Disk: 1%
2024-11-17 09:56:01, CPU: 0.3%, Memory: 3.81123%, Disk: 1%
2024-11-17 09:58:01, CPU: 0.0%, Memory: 3.72025%, Disk: 1%
2024-11-17 10:00:01, CPU: 2.6%, Memory: 3.81195%, Disk: 1%
2024-11-17 10:02:01, CPU: 0.7%, Memory: 3.74697%, Disk: 1%
2024-11-17 10:04:01, CPU: 1.6%, Memory: 3.82472%, Disk: 1%
2024-11-17 10:06:01, CPU: 1.0%, Memory: 3.76878%, Disk: 1%
2024-11-17 10:08:01, CPU: 1.3%, Memory: 3.81476%, Disk: 1%
2024-11-17 10:10:01, CPU: 0.0%, Memory: 3.71371%, Disk: 1%
2024-11-17 10:12:02, CPU: 2.6%, Memory: 3.81173%, Disk: 1%
2024-11-17 10:14:01, CPU: 0.0%, Memory: 3.72912%, Disk: 1%
2024-11-17 10:16:01, CPU: 1.6%, Memory: 3.77172%, Disk: 1%
2024-11-17 10:18:01, CPU: 1.3%, Memory: 3.78266%, Disk: 1%
2024-11-17 10:20:01, CPU: 1.3%, Memory: 3.79706%, Disk: 1%
2024-11-17 10:22:01, CPU: 0.0%, Memory: 3.74561%, Disk: 1%
2024-11-17 10:24:01, CPU: 2.6%, Memory: 3.87005%, Disk: 1%
2024-11-17 10:26:01, CPU: 0.0%, Memory: 3.73972%, Disk: 1%
2024-11-17 10:28:01, CPU: 2.0%, Memory: 3.78242%, Disk: 1%
2024-11-17 10:30:01, CPU: 0.0%, Memory: 3.73743%, Disk: 1%
2024-11-17 10:32:01, CPU: 1.7%, Memory: 3.74411%, Disk: 1%
2024-11-17 10:34:01, CPU: 0.3%, Memory: 3.73952%, Disk: 1%
2024-11-17 10:36:01, CPU: 2.9%, Memory: 3.82146%, Disk: 1%
2024-11-17 10:38:01, CPU: 0.3%, Memory: 3.81315%, Disk: 1%
2024-11-17 10:40:01, CPU: 2.3%, Memory: 3.79772%, Disk: 1%
2024-11-17 10:42:01, CPU: 2.0%, Memory: 3.7714%, Disk: 1%
2024-11-17 10:44:01, CPU: 2.6%, Memory: 3.81049%, Disk: 1%
2024-11-17 10:46:01, CPU: 0.0%, Memory: 3.73491%, Disk: 1%
2024-11-17 10:48:01, CPU: 2.6%, Memory: 3.83051%, Disk: 1%
2024-11-17 10:50:01, CPU: 0.3%, Memory: 3.72971%, Disk: 1%
2024-11-17 10:52:01, CPU: 2.0%, Memory: 3.78626%, Disk: 1%
2024-11-17 10:54:01, CPU: 1.0%, Memory: 3.76055%, Disk: 1%
2024-11-17 10:56:01, CPU: 0.7%, Memory: 3.77532%, Disk: 1%
2024-11-17 10:58:01, CPU: 0.0%, Memory: 3.72486%, Disk: 1%
2024-11-17 11:00:01, CPU: 3.2%, Memory: 3.78039%, Disk: 1%
2024-11-17 11:02:01, CPU: 0.3%, Memory: 3.73679%, Disk: 1%
2024-11-17 11:04:01, CPU: 2.6%, Memory: 3.76928%, Disk: 1%
2024-11-17 11:06:01, CPU: 1.3%, Memory: 3.76437%, Disk: 1%
2024-11-17 11:08:01, CPU: 2.0%, Memory: 3.7995%, Disk: 1%
2024-11-17 11:10:01, CPU: 0.0%, Memory: 3.72476%, Disk: 1%
2024-11-17 11:12:01, CPU: 3.9%, Memory: 3.8154%, Disk: 1%
2024-11-17 11:14:01, CPU: 0.3%, Memory: 3.71327%, Disk: 1%
2024-11-17 11:16:01, CPU: 1.7%, Memory: 3.76644%, Disk: 1%
2024-11-17 11:18:01, CPU: 1.0%, Memory: 3.78044%, Disk: 1%
2024-11-17 11:20:01, CPU: 1.3%, Memory: 3.78108%, Disk: 1%
2024-11-17 11:22:01, CPU: 0.0%, Memory: 3.7303%, Disk: 1%
2024-11-17 11:24:01, CPU: 2.7%, Memory: 3.81128%, Disk: 1%
2024-11-17 11:26:01, CPU: 0.0%, Memory: 3.70703%, Disk: 1%
2024-11-17 11:28:01, CPU: 1.6%, Memory: 3.77246%, Disk: 1%
2024-11-17 11:30:01, CPU: 1.3%, Memory: 3.75086%, Disk: 1%
2024-11-17 11:32:01, CPU: 1.0%, Memory: 3.77596%, Disk: 1%
2024-11-17 11:34:01, CPU: 0.0%, Memory: 3.74051%, Disk: 1%
2024-11-17 11:36:01, CPU: 5.0%, Memory: 3.81153%, Disk: 1%
2024-11-17 11:38:01, CPU: 0.0%, Memory: 3.71882%, Disk: 1%
2024-11-17 11:40:01, CPU: 1.0%, Memory: 3.79824%, Disk: 1%
2024-11-17 11:42:01, CPU: 0.7%, Memory: 3.75296%, Disk: 1%
2024-11-17 11:44:01, CPU: 1.6%, Memory: 3.76935%, Disk: 1%
2024-11-17 11:46:01, CPU: 0.0%, Memory: 3.71916%, Disk: 1%
2024-11-17 11:48:01, CPU: 1.6%, Memory: 3.88191%, Disk: 1%
2024-11-17 11:50:01, CPU: 0.0%, Memory: 3.75362%, Disk: 1%
2024-11-17 11:52:01, CPU: 1.3%, Memory: 3.80749%, Disk: 1%
2024-11-17 11:54:01, CPU: 1.3%, Memory: 3.76686%, Disk: 1%
2024-11-17 11:56:01, CPU: 1.0%, Memory: 3.78032%, Disk: 1%
2024-11-17 11:58:01, CPU: 0.3%, Memory: 3.74105%, Disk: 1%
2024-11-17 12:00:01, CPU: 2.6%, Memory: 3.78044%, Disk: 1%
2024-11-17 12:02:01, CPU: 0.3%, Memory: 3.73864%, Disk: 1%
2024-11-17 12:04:01, CPU: 2.0%, Memory: 3.79832%, Disk: 1%
2024-11-17 12:06:01, CPU: 2.0%, Memory: 3.74753%, Disk: 1%
2024-11-17 12:08:01, CPU: 1.9%, Memory: 3.77219%, Disk: 1%
2024-11-17 12:10:01, CPU: 0.0%, Memory: 3.722%, Disk: 1%
2024-11-17 12:12:01, CPU: 2.6%, Memory: 3.82213%, Disk: 1%
2024-11-17 12:14:01, CPU: 0.0%, Memory: 3.70627%, Disk: 1%
2024-11-17 12:16:01, CPU: 2.0%, Memory: 3.76336%, Disk: 1%
2024-11-17 12:18:01, CPU: 1.0%, Memory: 3.76928%, Disk: 1%
2024-11-17 12:20:01, CPU: 1.3%, Memory: 3.77076%, Disk: 1%
2024-11-17 12:22:01, CPU: 0.0%, Memory: 3.74177%, Disk: 1%
2024-11-17 12:24:01, CPU: 2.6%, Memory: 3.82787%, Disk: 1%
2024-11-17 12:26:01, CPU: 0.3%, Memory: 3.72227%, Disk: 1%
2024-11-17 12:28:01, CPU: 1.3%, Memory: 3.76713%, Disk: 1%
2024-11-17 12:30:01, CPU: 1.0%, Memory: 3.74798%, Disk: 1%
2024-11-17 12:32:01, CPU: 1.3%, Memory: 3.76632%, Disk: 1%
2024-11-17 12:34:01, CPU: 0.0%, Memory: 3.71798%, Disk: 1%
2024-11-17 12:36:01, CPU: 3.3%, Memory: 3.82193%, Disk: 1%
2024-11-17 12:38:01, CPU: 0.0%, Memory: 3.72698%, Disk: 1%
2024-11-17 12:40:01, CPU: 1.3%, Memory: 3.79822%, Disk: 1%
2024-11-17 18:04:01, CPU: 1.7%, Memory: 3.87826%, Disk: 1%
2024-11-17 18:06:01, CPU: 1.0%, Memory: 3.88743%, Disk: 1%
2024-11-17 18:08:01, CPU: 1.7%, Memory: 3.92216%, Disk: 1%
2024-11-17 18:10:01, CPU: 0.0%, Memory: 3.75705%, Disk: 1%
2024-11-17 18:12:01, CPU: 3.6%, Memory: 3.89058%, Disk: 1%
2024-11-17 18:14:01, CPU: 0.3%, Memory: 3.75298%, Disk: 1%
2024-11-17 18:16:01, CPU: 2.0%, Memory: 3.82262%, Disk: 1%
2024-11-17 18:18:01, CPU: 1.3%, Memory: 3.77029%, Disk: 1%
2024-11-17 18:20:01, CPU: 2.3%, Memory: 3.82412%, Disk: 1%
2024-11-17 18:22:01, CPU: 0.3%, Memory: 3.78614%, Disk: 1%
2024-11-17 18:24:01, CPU: 3.0%, Memory: 3.88104%, Disk: 1%
2024-11-17 18:26:01, CPU: 0.0%, Memory: 3.77246%, Disk: 1%
2024-11-17 18:28:01, CPU: 2.0%, Memory: 3.82356%, Disk: 1%
2024-11-17 18:30:01, CPU: 1.0%, Memory: 3.75917%, Disk: 1%
2024-11-17 18:32:01, CPU: 0.3%, Memory: 3.83268%, Disk: 1%
2024-11-17 18:34:01, CPU: 0.0%, Memory: 3.72473%, Disk: 1%
2024-11-17 18:36:01, CPU: 3.2%, Memory: 3.90592%, Disk: 1%
2024-11-17 18:38:01, CPU: 0.3%, Memory: 3.74926%, Disk: 1%
2024-11-17 18:40:01, CPU: 1.0%, Memory: 3.90296%, Disk: 1%
2024-11-17 18:42:01, CPU: 1.6%, Memory: 3.79477%, Disk: 1%
2024-11-17 18:44:01, CPU: 2.0%, Memory: 3.87937%, Disk: 1%
2024-11-17 18:46:01, CPU: 0.0%, Memory: 3.8753%, Disk: 1%
2024-11-17 18:48:01, CPU: 2.9%, Memory: 3.98822%, Disk: 1%
2024-11-17 18:50:01, CPU: 0.0%, Memory: 3.78264%, Disk: 1%
2024-11-17 19:02:01, CPU: 0.0%, Memory: 3.38174%, Disk: 1%
2024-11-17 19:16:01, CPU: 1.6%, Memory: 3.55021%, Disk: 1%
2024-11-17 19:18:01, CPU: 2.0%, Memory: 3.45592%, Disk: 1%
2024-11-17 19:20:01, CPU: 1.7%, Memory: 3.54365%, Disk: 1%
2024-11-17 19:22:01, CPU: 0.0%, Memory: 3.62179%, Disk: 1%
2024-11-17 19:24:01, CPU: 2.0%, Memory: 3.76834%, Disk: 1%
2024-11-17 19:26:01, CPU: 0.3%, Memory: 3.71714%, Disk: 1%
2024-11-17 19:28:01, CPU: 2.3%, Memory: 3.90777%, Disk: 1%
2024-11-17 19:30:01, CPU: 0.3%, Memory: 3.77404%, Disk: 1%
2024-11-17 19:32:01, CPU: 3.5%, Memory: 3.83623%, Disk: 1%
2024-11-17 19:34:01, CPU: 0.0%, Memory: 3.76141%, Disk: 1%
2024-11-17 19:36:01, CPU: 2.9%, Memory: 3.88114%, Disk: 1%
2024-11-17 19:38:01, CPU: 0.3%, Memory: 3.7555%, Disk: 1%
2024-11-17 19:40:01, CPU: 1.6%, Memory: 3.82957%, Disk: 1%
2024-11-17 19:42:01, CPU: 2.0%, Memory: 3.80534%, Disk: 1%
2024-11-17 19:44:01, CPU: 2.2%, Memory: 3.84163%, Disk: 1%
2024-11-17 19:46:01, CPU: 0.0%, Memory: 3.79881%, Disk: 1%
2024-11-17 19:48:01, CPU: 3.6%, Memory: 3.89031%, Disk: 1%
2024-11-17 19:50:01, CPU: 0.6%, Memory: 3.79161%, Disk: 1%
2024-11-17 19:52:01, CPU: 2.3%, Memory: 3.87757%, Disk: 1%
2024-11-17 19:54:01, CPU: 2.6%, Memory: 3.8292%, Disk: 1%
2024-11-17 19:56:01, CPU: 2.6%, Memory: 3.88136%, Disk: 1%
2024-11-17 19:58:01, CPU: 0.0%, Memory: 3.81313%, Disk: 1%
2024-11-17 20:00:01, CPU: 3.4%, Memory: 3.88602%, Disk: 1%
2024-11-17 20:02:01, CPU: 0.0%, Memory: 3.7961%, Disk: 1%
2024-11-17 20:04:01, CPU: 1.3%, Memory: 3.84394%, Disk: 1%
2024-11-17 20:06:01, CPU: 0.0%, Memory: 3.80616%, Disk: 1%
2024-11-17 20:08:01, CPU: 2.0%, Memory: 3.83993%, Disk: 1%
2024-11-17 20:10:01, CPU: 0.0%, Memory: 3.77776%, Disk: 1%
2024-11-17 20:12:01, CPU: 2.6%, Memory: 3.87466%, Disk: 1%
2024-11-17 20:14:01, CPU: 0.0%, Memory: 3.82654%, Disk: 1%
2024-11-17 20:16:01, CPU: 1.0%, Memory: 3.85807%, Disk: 1%
2024-11-17 20:18:01, CPU: 1.3%, Memory: 3.82708%, Disk: 1%
2024-11-17 20:20:02, CPU: 1.9%, Memory: 3.8594%, Disk: 1%
2024-11-17 20:22:01, CPU: 0.0%, Memory: 3.82001%, Disk: 1%
2024-11-17 20:24:01, CPU: 2.6%, Memory: 3.89076%, Disk: 1%
2024-11-17 20:26:01, CPU: 0.6%, Memory: 3.83014%, Disk: 1%
2024-11-17 20:28:01, CPU: 1.0%, Memory: 3.91218%, Disk: 1%
2024-11-17 20:30:01, CPU: 1.0%, Memory: 3.78806%, Disk: 1%
2024-11-17 20:32:01, CPU: 1.6%, Memory: 3.84626%, Disk: 1%
2024-11-17 20:34:01, CPU: 0.0%, Memory: 3.80196%, Disk: 1%
2024-11-17 20:36:01, CPU: 4.0%, Memory: 3.84878%, Disk: 1%
2024-11-17 20:38:01, CPU: 0.3%, Memory: 3.80283%, Disk: 1%
2024-11-17 20:40:01, CPU: 1.9%, Memory: 3.86477%, Disk: 1%
2024-11-17 20:42:01, CPU: 0.3%, Memory: 3.79962%, Disk: 1%
2024-11-17 20:44:01, CPU: 1.0%, Memory: 3.85016%, Disk: 1%
2024-11-17 20:46:01, CPU: 0.0%, Memory: 3.80564%, Disk: 1%
2024-11-17 20:48:01, CPU: 1.3%, Memory: 3.95157%, Disk: 1%
2024-11-17 20:50:01, CPU: 0.0%, Memory: 3.77633%, Disk: 1%
2024-11-17 20:52:01, CPU: 1.3%, Memory: 3.86736%, Disk: 1%
2024-11-17 20:54:01, CPU: 0.3%, Memory: 3.81981%, Disk: 1%
2024-11-17 20:55:49, CPU: 0.3%, Memory: 3.79181%, Disk: 1%
2024-11-17 20:56:01, CPU: 3.3%, Memory: 3.93725%, Disk: 1%
2024-11-17 20:58:01, CPU: 0.0%, Memory: 3.79511%, Disk: 1%
2024-11-17 21:00:01, CPU: 2.6%, Memory: 3.87392%, Disk: 1%
2024-11-17 21:02:01, CPU: 0.0%, Memory: 3.80194%, Disk: 1%
2024-11-17 21:04:01, CPU: 1.7%, Memory: 3.85874%, Disk: 1%
2024-11-17 21:06:01, CPU: 2.3%, Memory: 3.79886%, Disk: 1%
2024-11-17 21:08:01, CPU: 2.3%, Memory: 3.90414%, Disk: 1%
2024-11-17 21:10:01, CPU: 0.0%, Memory: 3.8508%, Disk: 1%
2024-11-17 21:12:01, CPU: 2.3%, Memory: 3.86546%, Disk: 1%
2024-11-17 21:12:40, CPU: 0.3%, Memory: 3.82008%, Disk: 1%
2024-11-17 21:14:01, CPU: 0.0%, Memory: 3.84902%, Disk: 1%
2024-11-17 21:16:01, CPU: 1.3%, Memory: 3.84291%, Disk: 1%
2024-11-17 21:18:01, CPU: 1.0%, Memory: 3.82669%, Disk: 1%
2024-11-17 21:20:01, CPU: 2.6%, Memory: 3.87468%, Disk: 1%
2024-11-17 21:22:01, CPU: 0.0%, Memory: 3.84772%, Disk: 1%
2024-11-17 21:24:01, CPU: 0.7%, Memory: 3.90984%, Disk: 1%
2024-11-17 21:26:01, CPU: 0.0%, Memory: 3.80808%, Disk: 1%
2024-11-17 21:28:01, CPU: 3.2%, Memory: 3.86058%, Disk: 1%
2024-11-17 21:30:01, CPU: 1.6%, Memory: 3.8244%, Disk: 1%
2024-11-17 21:32:01, CPU: 1.0%, Memory: 3.90436%, Disk: 1%
2024-11-17 21:34:01, CPU: 0.7%, Memory: 3.60907%, Disk: 1%
2024-11-17 21:36:01, CPU: 1.9%, Memory: 3.63745%, Disk: 1%
2024-11-17 21:38:01, CPU: 0.0%, Memory: 3.61997%, Disk: 1%
2024-11-17 21:40:01, CPU: 1.3%, Memory: 3.4483%, Disk: 1%
2024-11-17 21:42:01, CPU: 2.0%, Memory: 3.47436%, Disk: 1%
2024-11-17 21:44:01, CPU: 1.3%, Memory: 3.61235%, Disk: 1%
2024-11-17 21:46:01, CPU: 0.3%, Memory: 3.63227%, Disk: 1%
2024-11-17 21:48:01, CPU: 1.6%, Memory: 3.63367%, Disk: 1%
2024-11-17 21:50:01, CPU: 0.3%, Memory: 3.73721%, Disk: 1%
2024-11-17 21:52:01, CPU: 2.6%, Memory: 3.83295%, Disk: 1%
2024-11-17 21:54:01, CPU: 0.0%, Memory: 3.805%, Disk: 1%
2024-11-17 21:56:01, CPU: 2.3%, Memory: 3.78653%, Disk: 1%
2024-11-17 21:58:01, CPU: 0.0%, Memory: 3.79989%, Disk: 1%
2024-11-17 22:00:02, CPU: 3.2%, Memory: 3.80709%, Disk: 1%
2024-11-17 22:02:01, CPU: 0.0%, Memory: 3.77571%, Disk: 1%
2024-11-17 22:04:01, CPU: 1.3%, Memory: 3.82422%, Disk: 1%
2024-11-17 22:06:01, CPU: 1.6%, Memory: 3.83613%, Disk: 1%
2024-11-17 22:08:01, CPU: 1.0%, Memory: 3.87224%, Disk: 1%
2024-11-17 22:10:02, CPU: 0.0%, Memory: 3.83357%, Disk: 1%
2024-11-17 22:12:01, CPU: 2.6%, Memory: 3.89167%, Disk: 1%
2024-11-17 22:14:02, CPU: 0.3%, Memory: 3.80327%, Disk: 1%
2024-11-17 22:22:01, CPU: 1.0%, Memory: 3.33515%, Disk: 1%
2024-11-17 22:24:01, CPU: 1.7%, Memory: 3.39845%, Disk: 1%
2024-11-17 22:28:01, CPU: 1.0%, Memory: 3.39917%, Disk: 1%
2024-11-17 22:30:01, CPU: 2.5%, Memory: 3.51604%, Disk: 1%
2024-11-17 22:36:01, CPU: 2.3%, Memory: 3.55558%, Disk: 1%
2024-11-17 22:38:01, CPU: 1.0%, Memory: 3.63449%, Disk: 1%
2024-11-17 22:40:01, CPU: 0.6%, Memory: 3.62788%, Disk: 1%
2024-11-17 22:42:01, CPU: 2.6%, Memory: 3.73876%, Disk: 1%
2024-11-17 22:44:01, CPU: 2.3%, Memory: 3.79023%, Disk: 1%
2024-11-17 22:46:01, CPU: 0.0%, Memory: 3.72892%, Disk: 1%
2024-11-17 22:54:01, CPU: 1.0%, Memory: 3.44285%, Disk: 1%
2024-11-17 22:56:01, CPU: 3.2%, Memory: 3.52578%, Disk: 1%
2024-11-17 22:58:01, CPU: 0.0%, Memory: 3.46807%, Disk: 1%
2024-11-17 23:02:01, CPU: 0.0%, Memory: 3.34957%, Disk: 1%
2024-11-17 23:04:01, CPU: 1.0%, Memory: 3.45868%, Disk: 1%
2024-11-17 23:10:01, CPU: 0.0%, Memory: 3.35675%, Disk: 1%
2024-11-17 23:12:01, CPU: 2.6%, Memory: 3.54261%, Disk: 1%
2024-11-17 23:14:01, CPU: 0.0%, Memory: 3.60281%, Disk: 1%
2024-11-17 23:16:01, CPU: 1.0%, Memory: 3.63794%, Disk: 1%
2024-11-17 23:18:01, CPU: 1.9%, Memory: 3.65145%, Disk: 1%
2024-11-17 23:20:01, CPU: 1.2%, Memory: 3.8167%, Disk: 1%
2024-11-17 23:22:01, CPU: 0.0%, Memory: 3.85287%, Disk: 1%
2024-11-17 23:24:01, CPU: 3.6%, Memory: 3.87799%, Disk: 1%
2024-11-17 23:26:01, CPU: 0.0%, Memory: 3.85639%, Disk: 1%
2024-11-17 23:32:01, CPU: 1.6%, Memory: 3.42974%, Disk: 1%
2024-11-17 23:34:01, CPU: 0.0%, Memory: 3.45892%, Disk: 1%
2024-11-17 23:36:01, CPU: 2.7%, Memory: 3.58395%, Disk: 1%
2024-11-17 23:38:01, CPU: 0.0%, Memory: 3.58107%, Disk: 1%
2024-11-17 23:40:01, CPU: 2.0%, Memory: 3.59879%, Disk: 1%
2024-11-17 23:42:01, CPU: 0.6%, Memory: 3.69034%, Disk: 1%
2024-11-17 23:44:01, CPU: 1.6%, Memory: 3.75091%, Disk: 1%
2024-11-17 23:46:01, CPU: 0.0%, Memory: 3.70905%, Disk: 1%
2024-11-17 23:48:01, CPU: 3.9%, Memory: 3.75873%, Disk: 1%
2024-11-17 23:50:01, CPU: 0.0%, Memory: 3.70977%, Disk: 1%
2024-11-17 23:52:01, CPU: 1.3%, Memory: 3.92408%, Disk: 1%
2024-11-17 23:54:01, CPU: 1.3%, Memory: 3.76235%, Disk: 1%
2024-11-17 23:56:01, CPU: 2.3%, Memory: 3.79997%, Disk: 1%
2024-11-17 23:58:01, CPU: 0.3%, Memory: 3.77007%, Disk: 1%
2024-11-18 00:00:01, CPU: 1.9%, Memory: 3.79168%, Disk: 1%
2024-11-18 00:02:01, CPU: 0.0%, Memory: 3.73023%, Disk: 1%
2024-11-18 00:04:01, CPU: 1.3%, Memory: 3.75397%, Disk: 1%
2024-11-18 00:06:01, CPU: 1.0%, Memory: 3.73972%, Disk: 1%
2024-11-18 00:08:01, CPU: 1.7%, Memory: 3.74571%, Disk: 1%
2024-11-18 00:10:01, CPU: 0.3%, Memory: 3.73122%, Disk: 1%
2024-11-18 00:12:01, CPU: 4.1%, Memory: 3.91366%, Disk: 1%
2024-11-18 00:14:01, CPU: 0.0%, Memory: 3.76274%, Disk: 1%
2024-11-18 00:16:01, CPU: 1.0%, Memory: 3.78885%, Disk: 1%
2024-11-18 00:18:01, CPU: 2.0%, Memory: 3.73634%, Disk: 1%
2024-11-18 00:20:01, CPU: 1.3%, Memory: 3.75597%, Disk: 1%
2024-11-18 00:22:01, CPU: 0.0%, Memory: 3.71647%, Disk: 1%
2024-11-18 00:24:01, CPU: 2.3%, Memory: 3.77702%, Disk: 1%
2024-11-18 00:26:01, CPU: 0.0%, Memory: 3.73883%, Disk: 1%
2024-11-18 00:28:01, CPU: 1.3%, Memory: 3.78631%, Disk: 1%
2024-11-18 00:30:01, CPU: 1.3%, Memory: 3.76449%, Disk: 1%
2024-11-18 00:32:01, CPU: 1.6%, Memory: 3.73661%, Disk: 1%
2024-11-18 00:34:01, CPU: 0.0%, Memory: 3.73647%, Disk: 1%
2024-11-18 00:36:01, CPU: 2.6%, Memory: 3.8716%, Disk: 1%
2024-11-18 00:38:01, CPU: 0.7%, Memory: 3.76013%, Disk: 1%
2024-11-18 00:40:01, CPU: 1.3%, Memory: 3.81372%, Disk: 1%
2024-11-18 00:42:01, CPU: 1.3%, Memory: 3.78348%, Disk: 1%
2024-11-18 00:44:01, CPU: 1.0%, Memory: 3.80951%, Disk: 1%
2024-11-18 00:46:01, CPU: 0.0%, Memory: 3.75173%, Disk: 1%
2024-11-18 00:48:01, CPU: 1.9%, Memory: 3.84128%, Disk: 1%
2024-11-18 00:50:01, CPU: 0.0%, Memory: 3.76772%, Disk: 1%
2024-11-18 00:52:01, CPU: 1.6%, Memory: 3.7904%, Disk: 1%
2024-11-18 00:54:01, CPU: 1.6%, Memory: 3.78523%, Disk: 1%
2024-11-18 00:56:01, CPU: 1.6%, Memory: 3.81458%, Disk: 1%
2024-11-18 00:58:01, CPU: 0.0%, Memory: 3.79304%, Disk: 1%
2024-11-18 01:00:01, CPU: 2.0%, Memory: 3.84096%, Disk: 1%
2024-11-18 01:02:02, CPU: 0.6%, Memory: 3.85228%, Disk: 1%
2024-11-18 01:04:01, CPU: 1.0%, Memory: 3.84762%, Disk: 1%
2024-11-18 01:06:01, CPU: 0.7%, Memory: 3.77174%, Disk: 1%
2024-11-18 01:08:01, CPU: 2.0%, Memory: 3.81271%, Disk: 1%
2024-11-18 01:10:02, CPU: 0.3%, Memory: 3.75804%, Disk: 1%
2024-11-18 01:12:01, CPU: 2.9%, Memory: 3.85363%, Disk: 1%
2024-11-18 01:14:02, CPU: 0.0%, Memory: 3.77694%, Disk: 1%
2024-11-18 01:16:01, CPU: 2.0%, Memory: 3.83497%, Disk: 1%
2024-11-18 01:18:02, CPU: 1.3%, Memory: 3.80438%, Disk: 1%
2024-11-18 01:20:01, CPU: 2.0%, Memory: 3.84365%, Disk: 1%
2024-11-18 01:22:02, CPU: 0.6%, Memory: 3.76629%, Disk: 1%
2024-11-18 01:24:01, CPU: 2.3%, Memory: 3.85799%, Disk: 1%
2024-11-18 01:26:01, CPU: 0.3%, Memory: 3.76987%, Disk: 1%
2024-11-18 01:28:01, CPU: 2.0%, Memory: 3.82775%, Disk: 1%
2024-11-18 01:30:01, CPU: 0.3%, Memory: 3.80125%, Disk: 1%
2024-11-18 01:32:01, CPU: 2.3%, Memory: 3.8241%, Disk: 1%
2024-11-18 01:34:01, CPU: 0.0%, Memory: 3.74906%, Disk: 1%
2024-11-18 01:36:01, CPU: 2.2%, Memory: 3.87266%, Disk: 1%
2024-11-18 01:38:01, CPU: 0.6%, Memory: 3.79565%, Disk: 1%
2024-11-18 01:40:01, CPU: 1.9%, Memory: 3.83093%, Disk: 1%
2024-11-18 01:42:01, CPU: 0.3%, Memory: 3.79671%, Disk: 1%
2024-11-18 01:44:01, CPU: 1.0%, Memory: 3.82082%, Disk: 1%
2024-11-18 01:46:01, CPU: 0.7%, Memory: 3.78924%, Disk: 1%
2024-11-18 01:48:01, CPU: 2.9%, Memory: 3.86906%, Disk: 1%
2024-11-18 01:50:01, CPU: 0.0%, Memory: 3.74295%, Disk: 1%
2024-11-18 01:52:01, CPU: 1.0%, Memory: 3.80758%, Disk: 1%
2024-11-18 01:54:01, CPU: 1.3%, Memory: 3.79765%, Disk: 1%
2024-11-18 01:56:01, CPU: 1.3%, Memory: 3.81325%, Disk: 1%
2024-11-18 01:58:01, CPU: 0.3%, Memory: 3.77071%, Disk: 1%
2024-11-18 02:00:01, CPU: 4.6%, Memory: 3.86914%, Disk: 1%
2024-11-18 02:02:01, CPU: 0.0%, Memory: 3.85371%, Disk: 1%
2024-11-18 02:04:01, CPU: 2.0%, Memory: 3.90508%, Disk: 1%
2024-11-18 02:06:01, CPU: 0.3%, Memory: 3.86403%, Disk: 1%
2024-11-18 02:08:01, CPU: 1.3%, Memory: 3.93892%, Disk: 1%
2024-11-18 02:10:01, CPU: 0.0%, Memory: 3.86317%, Disk: 1%
2024-11-18 02:12:01, CPU: 3.3%, Memory: 4.02288%, Disk: 1%
2024-11-18 02:14:01, CPU: 0.0%, Memory: 3.84429%, Disk: 1%
2024-11-18 02:16:01, CPU: 1.6%, Memory: 3.92251%, Disk: 1%
2024-11-18 02:18:01, CPU: 1.3%, Memory: 3.8626%, Disk: 1%
2024-11-18 02:20:01, CPU: 1.3%, Memory: 3.87892%, Disk: 1%
2024-11-18 02:22:01, CPU: 0.0%, Memory: 3.80603%, Disk: 1%
2024-11-18 02:24:01, CPU: 4.2%, Memory: 3.8877%, Disk: 1%
2024-11-18 02:26:01, CPU: 0.0%, Memory: 3.81175%, Disk: 1%
2024-11-18 02:28:01, CPU: 1.6%, Memory: 3.83906%, Disk: 1%
2024-11-18 02:30:01, CPU: 0.3%, Memory: 3.81131%, Disk: 1%
2024-11-18 02:32:01, CPU: 1.3%, Memory: 3.92093%, Disk: 1%
2024-11-18 02:34:01, CPU: 0.0%, Memory: 3.82028%, Disk: 1%
2024-11-18 02:36:01, CPU: 3.2%, Memory: 3.95667%, Disk: 1%
2024-11-18 02:38:01, CPU: 0.0%, Memory: 3.86988%, Disk: 1%
2024-11-18 02:40:01, CPU: 1.6%, Memory: 3.9068%, Disk: 1%
2024-11-18 02:42:01, CPU: 1.3%, Memory: 3.90601%, Disk: 1%
2024-11-18 02:44:01, CPU: 0.6%, Memory: 3.90988%, Disk: 1%
2024-11-18 02:46:01, CPU: 0.0%, Memory: 3.79615%, Disk: 1%
2024-11-18 02:48:01, CPU: 2.6%, Memory: 3.84431%, Disk: 1%
2024-11-18 02:50:01, CPU: 0.0%, Memory: 3.86569%, Disk: 1%
2024-11-18 02:52:01, CPU: 1.6%, Memory: 3.93121%, Disk: 1%
2024-11-18 02:54:01, CPU: 1.3%, Memory: 3.94499%, Disk: 1%
2024-11-18 02:56:01, CPU: 0.3%, Memory: 3.97836%, Disk: 1%
2024-11-18 02:58:01, CPU: 0.0%, Memory: 3.8716%, Disk: 1%
2024-11-18 03:00:01, CPU: 2.6%, Memory: 3.93604%, Disk: 1%
2024-11-18 03:02:01, CPU: 0.0%, Memory: 3.86061%, Disk: 1%
2024-11-18 03:04:01, CPU: 1.7%, Memory: 3.88001%, Disk: 1%
2024-11-18 03:06:01, CPU: 1.6%, Memory: 3.89749%, Disk: 1%
2024-11-18 03:08:01, CPU: 0.3%, Memory: 3.95475%, Disk: 1%
2024-11-18 03:10:01, CPU: 0.3%, Memory: 3.86132%, Disk: 1%
2024-11-18 03:12:01, CPU: 3.9%, Memory: 3.97836%, Disk: 1%
2024-11-18 03:14:01, CPU: 0.0%, Memory: 3.74273%, Disk: 1%
2024-11-18 08:54:01, CPU: 1.6%, Memory: 3.56196%, Disk: 1%
2024-11-18 08:56:01, CPU: 2.9%, Memory: 3.49913%, Disk: 1%
2024-11-18 09:06:01, CPU: 1.3%, Memory: 3.35487%, Disk: 1%
2024-11-18 09:08:01, CPU: 0.6%, Memory: 3.43846%, Disk: 1%
2024-11-18 09:34:01, CPU: 0.0%, Memory: 3.45505%, Disk: 1%
2024-11-18 09:36:01, CPU: 5.4%, Memory: 3.65002%, Disk: 1%
2024-11-18 09:38:01, CPU: 0.0%, Memory: 3.67474%, Disk: 1%
2024-11-18 09:40:01, CPU: 1.0%, Memory: 3.67454%, Disk: 1%
2024-11-18 09:42:01, CPU: 1.0%, Memory: 3.74063%, Disk: 1%
2024-11-18 09:44:01, CPU: 1.6%, Memory: 3.6654%, Disk: 1%
2024-11-18 09:46:01, CPU: 0.3%, Memory: 3.6688%, Disk: 1%
2024-11-18 09:48:01, CPU: 2.6%, Memory: 3.70449%, Disk: 1%
2024-11-18 09:50:01, CPU: 0.3%, Memory: 3.64585%, Disk: 1%
2024-11-18 09:52:01, CPU: 2.3%, Memory: 3.67795%, Disk: 1%
2024-11-18 09:54:01, CPU: 1.0%, Memory: 3.65778%, Disk: 1%
2024-11-18 09:56:01, CPU: 1.6%, Memory: 3.69668%, Disk: 1%
2024-11-18 09:58:01, CPU: 0.0%, Memory: 3.65965%, Disk: 1%
2024-11-18 10:00:01, CPU: 2.6%, Memory: 3.71625%, Disk: 1%
2024-11-18 10:02:01, CPU: 0.0%, Memory: 3.6812%, Disk: 1%
2024-11-18 10:04:01, CPU: 1.9%, Memory: 3.82782%, Disk: 1%
2024-11-18 10:06:01, CPU: 2.0%, Memory: 3.70548%, Disk: 1%
2024-11-18 10:08:01, CPU: 1.3%, Memory: 3.74675%, Disk: 1%
2024-11-18 10:10:01, CPU: 0.0%, Memory: 3.67319%, Disk: 1%
2024-11-18 10:12:01, CPU: 4.2%, Memory: 3.7889%, Disk: 1%
2024-11-18 10:14:01, CPU: 0.0%, Memory: 3.67952%, Disk: 1%
2024-11-18 10:16:01, CPU: 2.0%, Memory: 3.74184%, Disk: 1%
2024-11-18 10:18:01, CPU: 2.0%, Memory: 3.72259%, Disk: 1%
2024-11-18 10:20:01, CPU: 2.0%, Memory: 3.79146%, Disk: 1%
2024-11-18 10:22:01, CPU: 0.0%, Memory: 3.69451%, Disk: 1%
2024-11-18 10:24:01, CPU: 2.6%, Memory: 3.794%, Disk: 1%
2024-11-18 10:26:01, CPU: 0.0%, Memory: 3.70723%, Disk: 1%
2024-11-18 10:28:01, CPU: 2.9%, Memory: 3.819%, Disk: 1%
2024-11-18 10:30:01, CPU: 1.3%, Memory: 3.73319%, Disk: 1%
2024-11-18 10:32:01, CPU: 1.6%, Memory: 3.78744%, Disk: 1%
2024-11-18 10:34:01, CPU: 0.0%, Memory: 3.71943%, Disk: 1%
2024-11-18 10:36:01, CPU: 2.9%, Memory: 3.80973%, Disk: 1%
2024-11-18 10:38:01, CPU: 0.0%, Memory: 3.68892%, Disk: 1%
2024-11-18 10:40:01, CPU: 0.6%, Memory: 3.7409%, Disk: 1%
2024-11-18 10:42:01, CPU: 2.0%, Memory: 3.84306%, Disk: 1%
2024-11-18 10:44:01, CPU: 1.7%, Memory: 3.81468%, Disk: 1%
2024-11-18 10:46:01, CPU: 0.3%, Memory: 3.73425%, Disk: 1%
2024-11-18 10:48:01, CPU: 2.6%, Memory: 3.87034%, Disk: 1%
2024-11-18 10:50:01, CPU: 0.0%, Memory: 3.73777%, Disk: 1%
2024-11-18 10:52:01, CPU: 2.3%, Memory: 3.82403%, Disk: 1%
2024-11-18 10:54:01, CPU: 1.6%, Memory: 3.76001%, Disk: 1%
2024-11-18 10:56:01, CPU: 1.3%, Memory: 3.81592%, Disk: 1%
2024-11-18 10:58:01, CPU: 0.3%, Memory: 3.73324%, Disk: 1%
2024-11-18 11:00:01, CPU: 1.9%, Memory: 3.91883%, Disk: 1%
2024-11-18 11:02:02, CPU: 0.0%, Memory: 3.80761%, Disk: 1%
2024-11-18 11:04:01, CPU: 2.3%, Memory: 3.86357%, Disk: 1%
2024-11-18 11:06:01, CPU: 0.6%, Memory: 3.79159%, Disk: 1%
2024-11-18 11:08:01, CPU: 1.3%, Memory: 3.89204%, Disk: 1%
2024-11-18 11:10:01, CPU: 0.3%, Memory: 3.87845%, Disk: 1%
2024-11-18 11:12:02, CPU: 3.5%, Memory: 3.94048%, Disk: 1%
2024-11-18 11:14:01, CPU: 0.6%, Memory: 3.87429%, Disk: 1%
2024-11-18 11:16:01, CPU: 1.3%, Memory: 3.97001%, Disk: 1%
2024-11-18 11:18:01, CPU: 0.6%, Memory: 3.93111%, Disk: 1%
2024-11-18 11:20:01, CPU: 2.3%, Memory: 4.02749%, Disk: 1%
2024-11-18 11:22:01, CPU: 0.0%, Memory: 3.97506%, Disk: 1%
2024-11-18 11:24:01, CPU: 1.0%, Memory: 4.0131%, Disk: 1%
2024-11-18 11:26:01, CPU: 0.0%, Memory: 3.89527%, Disk: 1%
2024-11-18 11:28:01, CPU: 1.3%, Memory: 3.90806%, Disk: 1%
2024-11-18 11:30:01, CPU: 0.6%, Memory: 3.90678%, Disk: 1%
2024-11-18 11:32:01, CPU: 1.3%, Memory: 4.00043%, Disk: 1%
2024-11-18 11:34:01, CPU: 0.0%, Memory: 3.87823%, Disk: 1%
2024-11-18 11:36:01, CPU: 3.0%, Memory: 4.0128%, Disk: 1%
2024-11-18 11:38:01, CPU: 0.3%, Memory: 3.8858%, Disk: 1%
2024-11-18 11:40:01, CPU: 1.6%, Memory: 3.96399%, Disk: 1%
2024-11-18 11:42:01, CPU: 1.6%, Memory: 3.88306%, Disk: 1%
2024-11-18 11:44:01, CPU: 2.9%, Memory: 3.92687%, Disk: 1%
2024-11-18 11:46:01, CPU: 0.0%, Memory: 3.85048%, Disk: 1%
2024-11-18 11:48:01, CPU: 1.6%, Memory: 3.93254%, Disk: 1%
2024-11-18 11:50:01, CPU: 0.0%, Memory: 3.85787%, Disk: 1%
2024-11-18 11:52:01, CPU: 2.9%, Memory: 3.88915%, Disk: 1%
2024-11-18 11:54:01, CPU: 1.6%, Memory: 3.87961%, Disk: 1%
2024-11-18 11:56:01, CPU: 2.6%, Memory: 3.879%, Disk: 1%
2024-11-18 11:58:01, CPU: 0.0%, Memory: 3.83512%, Disk: 1%
